2019/10/27 17:52:43 [error] [exception.CHttpException.404] CHttpException: Unable to resolve the request "hola/index". in C:\xampp2\htdocs\yii\framework\web\CWebApplication.php:286
Stack trace:
#0 C:\xampp2\htdocs\yii\framework\web\CWebApplication.php(141): CWebApplication->runController('hola/index')
#1 C:\xampp2\htdocs\yii\framework\base\CApplication.php(185): CWebApplication->processRequest()
#2 C:\xampp2\htdocs\yii\facilito\index.php(13): CApplication->run()
#3 {main}
REQUEST_URI=/yii/facilito/hola/index
---
2019/10/27 17:52:50 [error] [exception.CHttpException.404] CHttpException: Unable to resolve the request "hola/index.php". in C:\xampp2\htdocs\yii\framework\web\CWebApplication.php:286
Stack trace:
#0 C:\xampp2\htdocs\yii\framework\web\CWebApplication.php(141): CWebApplication->runController('hola/index.php')
#1 C:\xampp2\htdocs\yii\framework\base\CApplication.php(185): CWebApplication->processRequest()
#2 C:\xampp2\htdocs\yii\facilito\index.php(13): CApplication->run()
#3 {main}
REQUEST_URI=/yii/facilito/hola/index.php
---
2019/10/27 17:52:54 [error] [exception.CHttpException.404] CHttpException: Unable to resolve the request "hola". in C:\xampp2\htdocs\yii\framework\web\CWebApplication.php:286
Stack trace:
#0 C:\xampp2\htdocs\yii\framework\web\CWebApplication.php(141): CWebApplication->runController('hola')
#1 C:\xampp2\htdocs\yii\framework\base\CApplication.php(185): CWebApplication->processRequest()
#2 C:\xampp2\htdocs\yii\facilito\index.php(13): CApplication->run()
#3 {main}
REQUEST_URI=/yii/facilito/hola/
---
2019/10/27 17:53:04 [error] [exception.CHttpException.404] CHttpException: Unable to resolve the request "Hola". in C:\xampp2\htdocs\yii\framework\web\CWebApplication.php:286
Stack trace:
#0 C:\xampp2\htdocs\yii\framework\web\CWebApplication.php(141): CWebApplication->runController('Hola')
#1 C:\xampp2\htdocs\yii\framework\base\CApplication.php(185): CWebApplication->processRequest()
#2 C:\xampp2\htdocs\yii\facilito\index.php(13): CApplication->run()
#3 {main}
REQUEST_URI=/yii/facilito/Hola
---
2019/10/27 18:01:31 [error] [php] Array to string conversion (C:\xampp2\htdocs\yii\facilito\protected\views\hola\index.php:1)
Stack trace:
#0 C:\xampp2\htdocs\yii\framework\web\CController.php(872): HolaController->renderFile()
#1 C:\xampp2\htdocs\yii\framework\web\CController.php(785): HolaController->renderPartial()
#2 C:\xampp2\htdocs\yii\facilito\protected\controllers\HolaController.php(22): HolaController->render()
#3 C:\xampp2\htdocs\yii\framework\web\actions\CInlineAction.php(49): HolaController->actionIndex()
#4 C:\xampp2\htdocs\yii\framework\web\CController.php(308): CInlineAction->runWithParams()
#5 C:\xampp2\htdocs\yii\framework\web\CController.php(286): HolaController->runAction()
#6 C:\xampp2\htdocs\yii\framework\web\CController.php(265): HolaController->runActionWithFilters()
#7 C:\xampp2\htdocs\yii\framework\web\CWebApplication.php(282): HolaController->run()
#8 C:\xampp2\htdocs\yii\framework\web\CWebApplication.php(141): CWebApplication->runController()
#9 C:\xampp2\htdocs\yii\framework\base\CApplication.php(185): CWebApplication->processRequest()
#10 C:\xampp2\htdocs\yii\facilito\index.php(13): CWebApplication->run()
REQUEST_URI=/yii/facilito/hola
in C:\xampp2\htdocs\yii\facilito\protected\views\hola\index.php (1)
in C:\xampp2\htdocs\yii\facilito\protected\controllers\HolaController.php (22)
in C:\xampp2\htdocs\yii\facilito\index.php (13)
2019/10/27 18:01:45 [error] [php] Trying to get property of non-object (C:\xampp2\htdocs\yii\facilito\protected\views\hola\index.php:1)
Stack trace:
#0 C:\xampp2\htdocs\yii\framework\web\CController.php(872): HolaController->renderFile()
#1 C:\xampp2\htdocs\yii\framework\web\CController.php(785): HolaController->renderPartial()
#2 C:\xampp2\htdocs\yii\facilito\protected\controllers\HolaController.php(22): HolaController->render()
#3 C:\xampp2\htdocs\yii\framework\web\actions\CInlineAction.php(49): HolaController->actionIndex()
#4 C:\xampp2\htdocs\yii\framework\web\CController.php(308): CInlineAction->runWithParams()
#5 C:\xampp2\htdocs\yii\framework\web\CController.php(286): HolaController->runAction()
#6 C:\xampp2\htdocs\yii\framework\web\CController.php(265): HolaController->runActionWithFilters()
#7 C:\xampp2\htdocs\yii\framework\web\CWebApplication.php(282): HolaController->run()
#8 C:\xampp2\htdocs\yii\framework\web\CWebApplication.php(141): CWebApplication->runController()
#9 C:\xampp2\htdocs\yii\framework\base\CApplication.php(185): CWebApplication->processRequest()
#10 C:\xampp2\htdocs\yii\facilito\index.php(13): CWebApplication->run()
REQUEST_URI=/yii/facilito/hola
in C:\xampp2\htdocs\yii\facilito\protected\views\hola\index.php (1)
in C:\xampp2\htdocs\yii\facilito\protected\controllers\HolaController.php (22)
in C:\xampp2\htdocs\yii\facilito\index.php (13)
2019/10/27 18:01:59 [error] [php] Trying to get property of non-object (C:\xampp2\htdocs\yii\facilito\protected\views\hola\index.php:1)
Stack trace:
#0 C:\xampp2\htdocs\yii\framework\web\CController.php(872): HolaController->renderFile()
#1 C:\xampp2\htdocs\yii\framework\web\CController.php(785): HolaController->renderPartial()
#2 C:\xampp2\htdocs\yii\facilito\protected\controllers\HolaController.php(22): HolaController->render()
#3 C:\xampp2\htdocs\yii\framework\web\actions\CInlineAction.php(49): HolaController->actionIndex()
#4 C:\xampp2\htdocs\yii\framework\web\CController.php(308): CInlineAction->runWithParams()
#5 C:\xampp2\htdocs\yii\framework\web\CController.php(286): HolaController->runAction()
#6 C:\xampp2\htdocs\yii\framework\web\CController.php(265): HolaController->runActionWithFilters()
#7 C:\xampp2\htdocs\yii\framework\web\CWebApplication.php(282): HolaController->run()
#8 C:\xampp2\htdocs\yii\framework\web\CWebApplication.php(141): CWebApplication->runController()
#9 C:\xampp2\htdocs\yii\framework\base\CApplication.php(185): CWebApplication->processRequest()
#10 C:\xampp2\htdocs\yii\facilito\index.php(13): CWebApplication->run()
REQUEST_URI=/yii/facilito/hola
in C:\xampp2\htdocs\yii\facilito\protected\views\hola\index.php (1)
in C:\xampp2\htdocs\yii\facilito\protected\controllers\HolaController.php (22)
in C:\xampp2\htdocs\yii\facilito\index.php (13)
2019/10/27 18:12:26 [error] [exception.ParseError] ParseError: syntax error, unexpected 'model' (T_STRING), expecting variable (T_VARIABLE) in C:\xampp2\htdocs\yii\facilito\protected\models\User.php:17
Stack trace:
#0 [internal function]: YiiBase::autoload('User')
#1 C:\xampp2\htdocs\yii\facilito\protected\controllers\HolaController.php(20): spl_autoload_call('User')
#2 C:\xampp2\htdocs\yii\framework\web\actions\CInlineAction.php(49): HolaController->actionIndex()
#3 C:\xampp2\htdocs\yii\framework\web\CController.php(308): CInlineAction->runWithParams(Array)
#4 C:\xampp2\htdocs\yii\framework\web\CController.php(286): CController->runAction(Object(CInlineAction))
#5 C:\xampp2\htdocs\yii\framework\web\CController.php(265): CController->runActionWithFilters(Object(CInlineAction), Array)
#6 C:\xampp2\htdocs\yii\framework\web\CWebApplication.php(282): CController->run('')
#7 C:\xampp2\htdocs\yii\framework\web\CWebApplication.php(141): CWebApplication->runController('hola')
#8 C:\xampp2\htdocs\yii\framework\base\CApplication.php(185): CWebApplication->processRequest()
#9 C:\xampp2\htdocs\yii\facilito\index.php(13): CApplication->run()
#10 {main}
REQUEST_URI=/yii/facilito/hola
---
2019/10/27 18:25:22 [error] [system.db.CDbCommand] CDbCommand::fetchAll() failed: SQLSTATE[42S02]: Base table or view not found: 1146 Table 'yii.categoriaweb' doesn't exist. The SQL statement executed was: SHOW FULL COLUMNS FROM `categoriaweb`.
in C:\xampp2\htdocs\yii\facilito\index.php (13)
2019/10/27 18:32:04 [error] [php] reset() expects parameter 1 to be array, integer given (C:\xampp2\htdocs\yii\framework\gii\components\Pear\Text\Diff\Engine\native.php:196)
Stack trace:
#0 C:\xampp2\htdocs\yii\framework\gii\components\Pear\Text\Diff\Engine\native.php(88): Text_Diff_Engine_native->_compareseq()
#1 C:\xampp2\htdocs\yii\framework\gii\components\Pear\Text\Diff.php(56): Text_Diff_Engine_native->diff()
#2 C:\xampp2\htdocs\yii\framework\gii\components\TextDiff.php(18): Text_Diff->__construct()
#3 C:\xampp2\htdocs\yii\framework\gii\CCodeGenerator.php(109): compare()
#4 C:\xampp2\htdocs\yii\framework\web\actions\CInlineAction.php(49): ModelGenerator->actionDiff()
#5 C:\xampp2\htdocs\yii\framework\web\CController.php(308): CInlineAction->runWithParams()
#6 C:\xampp2\htdocs\yii\framework\web\CController.php(286): ModelGenerator->runAction()
#7 C:\xampp2\htdocs\yii\framework\web\CController.php(265): ModelGenerator->runActionWithFilters()
#8 C:\xampp2\htdocs\yii\framework\web\CWebApplication.php(282): ModelGenerator->run()
#9 C:\xampp2\htdocs\yii\framework\web\CWebApplication.php(141): CWebApplication->runController()
#10 C:\xampp2\htdocs\yii\framework\base\CApplication.php(185): CWebApplication->processRequest()
#11 C:\xampp2\htdocs\yii\facilito\index.php(13): CWebApplication->run()
REQUEST_URI=/yii/facilito/gii/model/diff/id/0.html
in C:\xampp2\htdocs\yii\facilito\index.php (13)
